TMS320C54x COFF Assembler PC v4.1.0 Thu Feb 11 21:58:44 2010

Tools Copyright (c) 1996-2005 Texas Instruments Incorporated
C:\Users\shining\AppData\Local\Temp\TI4362                           PAGE    1

       1              ;***************************************************************
       2              ;* TMS320C54x C/C++ Codegen                          PC v4.1.0 *
       3              ;* Date/Time created: Thu Feb 11 21:58:44 2010                 *
       4              ;***************************************************************
       5                      .compiler_opts --mem_model:code=near --mem_model:data=flat --quiet 
       6                      .mmregs
       7        0017  FP      .set    AR7
       8                      .c_mode
       9              
      10              DW$CU   .dwtag  DW_TAG_compile_unit
      11                      .dwattr DW$CU, DW_AT_name("main.c")
      12                      .dwattr DW$CU, DW_AT_producer("TMS320C54x C/C++ Codegen PC v4.1.0 Copyright (c) 1996-2005 Texas Instr
      13                      .dwattr DW$CU, DW_AT_stmt_list(0x00)
      14                      .dwattr DW$CU, DW_AT_TI_VERSION(0x01)
      15              
      16              DW$1    .dwtag  DW_TAG_subprogram, DW_AT_name("init_dsp"), DW_AT_symbol_name("_init_dsp")
      17                      .dwattr DW$1, DW_AT_declaration(0x01)
      18                      .dwattr DW$1, DW_AT_external(0x01)
      19              
      20              DW$2    .dwtag  DW_TAG_subprogram, DW_AT_name("LED_flash"), DW_AT_symbol_name("_LED_flash")
      21                      .dwattr DW$2, DW_AT_declaration(0x01)
      22                      .dwattr DW$2, DW_AT_external(0x01)
      23              ;       C:\CCStudio_v3.3\C5400\cgtools\bin\acp500.exe --keep_unneeded_types -q -D_DEBUG -IC:/CCStudio_v3.3/C5
      24 000000               .sect   ".text"
      25                      .global _main
      26              
      27              DW$3    .dwtag  DW_TAG_subprogram, DW_AT_name("main"), DW_AT_symbol_name("_main")
      28                      .dwattr DW$3, DW_AT_low_pc(_main)
      29                      .dwattr DW$3, DW_AT_high_pc(0x00)
      30                      .dwattr DW$3, DW_AT_begin_file("main.c")
      31                      .dwattr DW$3, DW_AT_begin_line(0x06)
      32                      .dwattr DW$3, DW_AT_begin_column(0x06)
      33                      .dwpsn  "main.c",7,1
      34              
      35                      .dwfde DW$CIE
      36              
      37              ;***************************************************************
      38              ;* FUNCTION DEF: _main                                         *
      39              ;***************************************************************
      40 000000       _main:
      41                      .dwcfa  0x0e, 1
      42                      .dwcfa  0x80, 34, 1
      43 000000 EEFF          FRAME     #-1
      44                      .dwcfa  0x0e, 2
      45                      .dwpsn  "main.c",8,2
      46 000001 F074          CALL      #_init_dsp            ; |8| 
         000002 0000!
      47                      ; call occurs [#_init_dsp] ; |8| 
      48                      .dwpsn  "main.c",10,2
      49 000003 F074          CALL      #_zhiling             ; |10| 
         000004 0009'
      50                      ; call occurs [#_zhiling] ; |10| 
      51                      .dwpsn  "main.c",12,8
      52 000005       L1:    
      53 000005       DW$L$_main$2$B:
TMS320C54x COFF Assembler PC v4.1.0 Thu Feb 11 21:58:44 2010

Tools Copyright (c) 1996-2005 Texas Instruments Incorporated
C:\Users\shining\AppData\Local\Temp\TI4362                           PAGE    2

      54                      .dwpsn  "main.c",14,3
      55 000005 F074          CALL      #_LED_flash           ; |14| 
         000006 0000!
      56                      ; call occurs [#_LED_flash] ; |14| 
      57                      .dwpsn  "main.c",12,8
      58 000007 F073          B         L1                    ; |12| 
         000008 0005'
      59                      ; branch occurs ; |12| 
      60 000009       DW$L$_main$2$E:
      61                      .dwcfa  0x0e, 1
      62              
      63              DW$4    .dwtag  DW_TAG_loop
      64                      .dwattr DW$4, DW_AT_name("C:\Users\shining\AppData\Local\Temp\TI4362:L1:1:1265896724")
      65                      .dwattr DW$4, DW_AT_begin_file("main.c")
      66                      .dwattr DW$4, DW_AT_begin_line(0x0c)
      67                      .dwattr DW$4, DW_AT_end_line(0x0f)
      68              DW$5    .dwtag  DW_TAG_loop_range
      69                      .dwattr DW$5, DW_AT_low_pc(DW$L$_main$2$B)
      70                      .dwattr DW$5, DW_AT_high_pc(DW$L$_main$2$E)
      71                      .dwendtag DW$4
      72              
      73                      .dwattr DW$3, DW_AT_end_file("main.c")
      74                      .dwattr DW$3, DW_AT_end_line(0x10)
      75                      .dwattr DW$3, DW_AT_end_column(0x01)
      76                      .dwendentry
      77                      .dwendtag DW$3
      78              
      79 000009               .sect   ".text"
      80                      .global _zhiling
      81              
      82              DW$6    .dwtag  DW_TAG_subprogram, DW_AT_name("zhiling"), DW_AT_symbol_name("_zhiling")
      83                      .dwattr DW$6, DW_AT_low_pc(_zhiling)
      84                      .dwattr DW$6, DW_AT_high_pc(0x00)
      85                      .dwattr DW$6, DW_AT_begin_file("main.c")
      86                      .dwattr DW$6, DW_AT_begin_line(0x12)
      87                      .dwattr DW$6, DW_AT_begin_column(0x06)
      88                      .dwpsn  "main.c",19,1
      89              
      90                      .dwfde DW$CIE
      91              
      92              ;***************************************************************
      93              ;* FUNCTION DEF: _zhiling                                      *
      94              ;***************************************************************
      95 000009       _zhiling:
      96                      .dwcfa  0x0e, 1
      97                      .dwcfa  0x80, 34, 1
      98                      .dwpsn  "main.c",21,2
      99 000009 7711          STM #1500H, AR1 
         00000a 1500 
     100                      .dwpsn  "main.c",22,2
     101 00000b 7681          ST #2000H, *AR1 
         00000c 2000 
     102                      .dwpsn  "main.c",23,2
     103 00000d F6B6          RSBX FRCT       
     104                      .dwpsn  "main.c",24,2
TMS320C54x COFF Assembler PC v4.1.0 Thu Feb 11 21:58:44 2010

Tools Copyright (c) 1996-2005 Texas Instruments Incorporated
C:\Users\shining\AppData\Local\Temp\TI4362                           PAGE    3

     105 00000e 3091          LD *AR1+, T     
     106                      .dwpsn  "main.c",25,2
     107 00000f F066          MPY #-2, A      
         000010 FFFE 
     108                      .dwpsn  "main.c",26,2
     109 000011 8091          STL A, *AR1+    
     110                      .dwpsn  "main.c",27,2
     111 000012 4E91          DST A, *AR1+    
     112                      .dwpsn  "main.c",29,2
     113 000013 F7B8          SSBX SXM        
     114                      .dwpsn  "main.c",30,2
     115 000014 7691          ST #0E000H, *AR1+       
         000015 E000 
     116                      .dwpsn  "main.c",31,2
     117 000016 7691          ST #1000H, *AR1+        
         000017 1000 
     118                      .dwpsn  "main.c",32,2
     119 000018 F7B6          SSBX FRCT       
     120                      .dwpsn  "main.c",33,2
     121 000019 7712          STM #1504H, AR2 
         00001a 1504 
     122                      .dwpsn  "main.c",34,2
     123 00001b 4492          LD *AR2+, 16, A 
     124                      .dwpsn  "main.c",35,2
     125 00001c 3182          MPYA *AR2       
     126                      .dwpsn  "main.c",36,2
     127 00001d 8291          STH A, *AR1+    
     128                      .dwpsn  "main.c",37,2
     129 00001e 8391          STH B, *AR1+    
     130                      .dwpsn  "main.c",39,2
     131 00001f 7691          ST #2CH, *AR1+  
         000020 002C 
     132                      .dwpsn  "main.c",40,2
     133 000021 7691          ST #0FF50H, *AR1+       
         000022 FF50 
     134                      .dwpsn  "main.c",41,2
     135 000023 F6B6          RSBX FRCT       
     136                      .dwpsn  "main.c",42,2
     137 000024 7712          STM #1509H, AR2 
         000025 1509 
     138                      .dwpsn  "main.c",44,2
     139 000026 448A          LD *AR2-, 16, A 
     140                      .dwpsn  "main.c",45,2
     141 000027 3192          MPYA *AR2+      
     142                      .dwpsn  "main.c",47,2
     143 000028 F485          ABS A   
     144                      .dwpsn  "main.c",48,2
     145 000029 828A          STH A, *AR2-    
     146                      .dwpsn  "main.c",50,2
     147 00002a 4492          LD *AR2+, 16, A 
     148                      .dwpsn  "main.c",51,2
     149 00002b F485          ABS A   
     150                      .dwpsn  "main.c",52,2
     151 00002c EC0E          RPT #14 
     152                      .dwpsn  "main.c",53,2
TMS320C54x COFF Assembler PC v4.1.0 Thu Feb 11 21:58:44 2010

Tools Copyright (c) 1996-2005 Texas Instruments Incorporated
C:\Users\shining\AppData\Local\Temp\TI4362                           PAGE    4

     153 00002d 1E82          SUBC *AR2, A    
     154                      .dwpsn  "main.c",54,2
     155 00002e FD4B          XC 1, BLT       
     156                      .dwpsn  "main.c",55,2
     157 00002f F484          NEG A   
     158                      .dwpsn  "main.c",56,2
     159 000030 8091          STL A, *AR1+    
     160                      .dwpsn  "main.c",58,1
     161 000031 FC00          RET
     162                      ; return occurs
     163                      .dwattr DW$6, DW_AT_end_file("main.c")
     164                      .dwattr DW$6, DW_AT_end_line(0x3a)
     165                      .dwattr DW$6, DW_AT_end_column(0x01)
     166                      .dwendentry
     167                      .dwendtag DW$6
     168              
     169              ;***************************************************************
     170              ;* UNDEFINED EXTERNAL REFERENCES                               *
     171              ;***************************************************************
     172                      .global _init_dsp
     173                      .global _LED_flash
     174              
     175              ;***************************************************************
     176              ;* TYPE INFORMATION                                            *
     177              ;***************************************************************
     178              
     179              DW$T$19 .dwtag  DW_TAG_subroutine_type
     180                      .dwattr DW$T$19, DW_AT_language(DW_LANG_C)
     181              
     182                      .dwattr DW$3, DW_AT_external(0x01)
     183                      .dwattr DW$6, DW_AT_external(0x01)
     184                      .dwattr DW$CU, DW_AT_language(DW_LANG_C)
     185              
     186              ;***************************************************************
     187              ;* DWARF CIE ENTRIES                                           *
     188              ;***************************************************************
     189              
     190              DW$CIE  .dwcie 1, 34
     191                      .dwcfa  0x0c, 17, 0
     192                      .dwcfa  0x07, 0
     193                      .dwcfa  0x07, 1
     194                      .dwcfa  0x07, 2
     195                      .dwcfa  0x07, 3
     196                      .dwcfa  0x07, 4
     197                      .dwcfa  0x07, 5
     198                      .dwcfa  0x07, 6
     199                      .dwcfa  0x07, 7
     200                      .dwcfa  0x07, 8
     201                      .dwcfa  0x07, 9
     202                      .dwcfa  0x08, 10
     203                      .dwcfa  0x07, 11
     204                      .dwcfa  0x07, 12
     205                      .dwcfa  0x07, 13
     206                      .dwcfa  0x07, 14
     207                      .dwcfa  0x08, 15
TMS320C54x COFF Assembler PC v4.1.0 Thu Feb 11 21:58:44 2010

Tools Copyright (c) 1996-2005 Texas Instruments Incorporated
C:\Users\shining\AppData\Local\Temp\TI4362                           PAGE    5

     208                      .dwcfa  0x08, 16
     209                      .dwcfa  0x07, 17
     210                      .dwcfa  0x07, 18
     211                      .dwcfa  0x07, 19
     212                      .dwcfa  0x07, 20
     213                      .dwcfa  0x07, 21
     214                      .dwcfa  0x07, 22
     215                      .dwcfa  0x07, 23
     216                      .dwcfa  0x07, 24
     217                      .dwcfa  0x07, 25
     218                      .dwcfa  0x07, 26
     219                      .dwcfa  0x07, 27
     220                      .dwcfa  0x07, 28
     221                      .dwcfa  0x07, 29
     222                      .dwcfa  0x07, 30
     223                      .dwcfa  0x07, 31
     224                      .dwcfa  0x07, 32
     225                      .dwcfa  0x07, 33
     226                      .dwcfa  0x07, 34
     227              
     228              ;***************************************************************
     229              ;* DWARF REGISTER MAP                                          *
     230              ;***************************************************************
     231              
     232              DW$7    .dwtag  DW_TAG_assign_register, DW_AT_name("A")
     233                      .dwattr DW$7, DW_AT_location[DW_OP_reg0]
     234              DW$8    .dwtag  DW_TAG_assign_register, DW_AT_name("AH")
     235                      .dwattr DW$8, DW_AT_location[DW_OP_reg1]
     236              DW$9    .dwtag  DW_TAG_assign_register, DW_AT_name("AG")
     237                      .dwattr DW$9, DW_AT_location[DW_OP_reg2]
     238              DW$10   .dwtag  DW_TAG_assign_register, DW_AT_name("")
     239                      .dwattr DW$10, DW_AT_location[DW_OP_reg3]
     240              DW$11   .dwtag  DW_TAG_assign_register, DW_AT_name("")
     241                      .dwattr DW$11, DW_AT_location[DW_OP_reg4]
     242              DW$12   .dwtag  DW_TAG_assign_register, DW_AT_name("")
     243                      .dwattr DW$12, DW_AT_location[DW_OP_reg5]
     244              DW$13   .dwtag  DW_TAG_assign_register, DW_AT_name("B")
     245                      .dwattr DW$13, DW_AT_location[DW_OP_reg6]
     246              DW$14   .dwtag  DW_TAG_assign_register, DW_AT_name("BH")
     247                      .dwattr DW$14, DW_AT_location[DW_OP_reg7]
     248              DW$15   .dwtag  DW_TAG_assign_register, DW_AT_name("BG")
     249                      .dwattr DW$15, DW_AT_location[DW_OP_reg8]
     250              DW$16   .dwtag  DW_TAG_assign_register, DW_AT_name("AR0")
     251                      .dwattr DW$16, DW_AT_location[DW_OP_reg9]
     252              DW$17   .dwtag  DW_TAG_assign_register, DW_AT_name("AR1")
     253                      .dwattr DW$17, DW_AT_location[DW_OP_reg10]
     254              DW$18   .dwtag  DW_TAG_assign_register, DW_AT_name("AR2")
     255                      .dwattr DW$18, DW_AT_location[DW_OP_reg11]
     256              DW$19   .dwtag  DW_TAG_assign_register, DW_AT_name("AR3")
     257                      .dwattr DW$19, DW_AT_location[DW_OP_reg12]
     258              DW$20   .dwtag  DW_TAG_assign_register, DW_AT_name("AR4")
     259                      .dwattr DW$20, DW_AT_location[DW_OP_reg13]
     260              DW$21   .dwtag  DW_TAG_assign_register, DW_AT_name("AR5")
     261                      .dwattr DW$21, DW_AT_location[DW_OP_reg14]
     262              DW$22   .dwtag  DW_TAG_assign_register, DW_AT_name("AR6")
TMS320C54x COFF Assembler PC v4.1.0 Thu Feb 11 21:58:44 2010

Tools Copyright (c) 1996-2005 Texas Instruments Incorporated
C:\Users\shining\AppData\Local\Temp\TI4362                           PAGE    6

     263                      .dwattr DW$22, DW_AT_location[DW_OP_reg15]
     264              DW$23   .dwtag  DW_TAG_assign_register, DW_AT_name("AR7")
     265                      .dwattr DW$23, DW_AT_location[DW_OP_reg16]
     266              DW$24   .dwtag  DW_TAG_assign_register, DW_AT_name("SP")
     267                      .dwattr DW$24, DW_AT_location[DW_OP_reg17]
     268              DW$25   .dwtag  DW_TAG_assign_register, DW_AT_name("FP")
     269                      .dwattr DW$25, DW_AT_location[DW_OP_reg18]
     270              DW$26   .dwtag  DW_TAG_assign_register, DW_AT_name("BK")
     271                      .dwattr DW$26, DW_AT_location[DW_OP_reg19]
     272              DW$27   .dwtag  DW_TAG_assign_register, DW_AT_name("T")
     273                      .dwattr DW$27, DW_AT_location[DW_OP_reg20]
     274              DW$28   .dwtag  DW_TAG_assign_register, DW_AT_name("ASM")
     275                      .dwattr DW$28, DW_AT_location[DW_OP_reg21]
     276              DW$29   .dwtag  DW_TAG_assign_register, DW_AT_name("SXM")
     277                      .dwattr DW$29, DW_AT_location[DW_OP_reg22]
     278              DW$30   .dwtag  DW_TAG_assign_register, DW_AT_name("ST0")
     279                      .dwattr DW$30, DW_AT_location[DW_OP_reg23]
     280              DW$31   .dwtag  DW_TAG_assign_register, DW_AT_name("ST1")
     281                      .dwattr DW$31, DW_AT_location[DW_OP_reg24]
     282              DW$32   .dwtag  DW_TAG_assign_register, DW_AT_name("BRC")
     283                      .dwattr DW$32, DW_AT_location[DW_OP_reg25]
     284              DW$33   .dwtag  DW_TAG_assign_register, DW_AT_name("TC")
     285                      .dwattr DW$33, DW_AT_location[DW_OP_reg26]
     286              DW$34   .dwtag  DW_TAG_assign_register, DW_AT_name("PC")
     287                      .dwattr DW$34, DW_AT_location[DW_OP_reg27]
     288              DW$35   .dwtag  DW_TAG_assign_register, DW_AT_name("DB")
     289                      .dwattr DW$35, DW_AT_location[DW_OP_reg28]
     290              DW$36   .dwtag  DW_TAG_assign_register, DW_AT_name("PMST")
     291                      .dwattr DW$36, DW_AT_location[DW_OP_reg29]
     292              DW$37   .dwtag  DW_TAG_assign_register, DW_AT_name("RSA")
     293                      .dwattr DW$37, DW_AT_location[DW_OP_reg30]
     294              DW$38   .dwtag  DW_TAG_assign_register, DW_AT_name("REA")
     295                      .dwattr DW$38, DW_AT_location[DW_OP_reg31]
     296              DW$39   .dwtag  DW_TAG_assign_register, DW_AT_name("OVM")
     297                      .dwattr DW$39, DW_AT_location[DW_OP_regx 0x20]
     298              DW$40   .dwtag  DW_TAG_assign_register, DW_AT_name("FRCT")
     299                      .dwattr DW$40, DW_AT_location[DW_OP_regx 0x21]
     300              DW$41   .dwtag  DW_TAG_assign_register, DW_AT_name("CIE_RETA")
     301                      .dwattr DW$41, DW_AT_location[DW_OP_regx 0x22]
     302                      .dwendtag DW$CU
     303              

No Assembly Errors, No Assembly Warnings
