TMS320C54x COFF Assembler PC v4.1.0 Tue Feb 23 10:56:44 2010

Tools Copyright (c) 1996-2005 Texas Instruments Incorporated
C:\Users\shining\AppData\Local\Temp\TI1962                           PAGE    1

       1              ;***************************************************************
       2              ;* TMS320C54x C/C++ Codegen                          PC v4.1.0 *
       3              ;* Date/Time created: Tue Feb 23 10:56:44 2010                 *
       4              ;***************************************************************
       5                      .compiler_opts --mem_model:code=near --mem_model:data=flat --quiet 
       6                      .mmregs
       7        0017  FP      .set    AR7
       8                      .c_mode
       9              
      10              DW$CU   .dwtag  DW_TAG_compile_unit
      11                      .dwattr DW$CU, DW_AT_name("main.c")
      12                      .dwattr DW$CU, DW_AT_producer("TMS320C54x C/C++ Codegen PC v4.1.0 Copyright (c) 1996-2005 Texas Instr
      13                      .dwattr DW$CU, DW_AT_stmt_list(0x00)
      14                      .dwattr DW$CU, DW_AT_TI_VERSION(0x01)
      15              
      16              DW$1    .dwtag  DW_TAG_subprogram, DW_AT_name("init_dsp"), DW_AT_symbol_name("_init_dsp")
      17                      .dwattr DW$1, DW_AT_declaration(0x01)
      18                      .dwattr DW$1, DW_AT_external(0x01)
      19              
      20              DW$2    .dwtag  DW_TAG_subprogram, DW_AT_name("LED_flash"), DW_AT_symbol_name("_LED_flash")
      21                      .dwattr DW$2, DW_AT_declaration(0x01)
      22                      .dwattr DW$2, DW_AT_external(0x01)
      23              ;       C:\CCStudio_v3.3\C5400\cgtools\bin\acp500.exe --keep_unneeded_types -q -D_DEBUG -IC:/CCStudio_v3.3/C5
      24 000000               .sect   ".text"
      25                      .global _main
      26              
      27              DW$3    .dwtag  DW_TAG_subprogram, DW_AT_name("main"), DW_AT_symbol_name("_main")
      28                      .dwattr DW$3, DW_AT_low_pc(_main)
      29                      .dwattr DW$3, DW_AT_high_pc(0x00)
      30                      .dwattr DW$3, DW_AT_begin_file("main.c")
      31                      .dwattr DW$3, DW_AT_begin_line(0x06)
      32                      .dwattr DW$3, DW_AT_begin_column(0x06)
      33                      .dwpsn  "main.c",7,1
      34              
      35                      .dwfde DW$CIE
      36              
      37              ;***************************************************************
      38              ;* FUNCTION DEF: _main                                         *
      39              ;***************************************************************
      40 000000       _main:
      41                      .dwcfa  0x0e, 1
      42                      .dwcfa  0x80, 34, 1
      43 000000 EEFF          FRAME     #-1
      44                      .dwcfa  0x0e, 2
      45                      .dwpsn  "main.c",8,2
      46 000001 F074          CALL      #_init_dsp            ; |8| 
         000002 0000!
      47                      ; call occurs [#_init_dsp] ; |8| 
      48                      .dwpsn  "main.c",10,2
      49 000003 F074          CALL      #_zhiling             ; |10| 
         000004 0009'
      50                      ; call occurs [#_zhiling] ; |10| 
      51                      .dwpsn  "main.c",12,8
      52 000005       L1:    
      53 000005       DW$L$_main$2$B:
TMS320C54x COFF Assembler PC v4.1.0 Tue Feb 23 10:56:44 2010

Tools Copyright (c) 1996-2005 Texas Instruments Incorporated
C:\Users\shining\AppData\Local\Temp\TI1962                           PAGE    2

      54                      .dwpsn  "main.c",14,3
      55 000005 F074          CALL      #_LED_flash           ; |14| 
         000006 0000!
      56                      ; call occurs [#_LED_flash] ; |14| 
      57                      .dwpsn  "main.c",12,8
      58 000007 F073          B         L1                    ; |12| 
         000008 0005'
      59                      ; branch occurs ; |12| 
      60 000009       DW$L$_main$2$E:
      61                      .dwcfa  0x0e, 1
      62              
      63              DW$4    .dwtag  DW_TAG_loop
      64                      .dwattr DW$4, DW_AT_name("C:\Users\shining\AppData\Local\Temp\TI1962:L1:1:1266893804")
      65                      .dwattr DW$4, DW_AT_begin_file("main.c")
      66                      .dwattr DW$4, DW_AT_begin_line(0x0c)
      67                      .dwattr DW$4, DW_AT_end_line(0x0f)
      68              DW$5    .dwtag  DW_TAG_loop_range
      69                      .dwattr DW$5, DW_AT_low_pc(DW$L$_main$2$B)
      70                      .dwattr DW$5, DW_AT_high_pc(DW$L$_main$2$E)
      71                      .dwendtag DW$4
      72              
      73                      .dwattr DW$3, DW_AT_end_file("main.c")
      74                      .dwattr DW$3, DW_AT_end_line(0x10)
      75                      .dwattr DW$3, DW_AT_end_column(0x01)
      76                      .dwendentry
      77                      .dwendtag DW$3
      78              
      79 000009               .sect   ".text"
      80                      .global _zhiling
      81              
      82              DW$6    .dwtag  DW_TAG_subprogram, DW_AT_name("zhiling"), DW_AT_symbol_name("_zhiling")
      83                      .dwattr DW$6, DW_AT_low_pc(_zhiling)
      84                      .dwattr DW$6, DW_AT_high_pc(0x00)
      85                      .dwattr DW$6, DW_AT_begin_file("main.c")
      86                      .dwattr DW$6, DW_AT_begin_line(0x12)
      87                      .dwattr DW$6, DW_AT_begin_column(0x06)
      88                      .dwpsn  "main.c",19,1
      89              
      90                      .dwfde DW$CIE
      91              
      92              ;***************************************************************
      93              ;* FUNCTION DEF: _zhiling                                      *
      94              ;***************************************************************
      95 000009       _zhiling:
      96                      .dwcfa  0x0e, 1
      97                      .dwcfa  0x80, 34, 1
      98                      .dwpsn  "main.c",21,2
      99 000009 7711          STM #1500H, AR1 
         00000a 1500 
     100                      .dwpsn  "main.c",22,2
     101 00000b 7713          STM #1500H, AR3 
         00000c 1500 
     102                      .dwpsn  "main.c",23,2
     103 00000d F062          LD #5678H, 16, A        
         00000e 5678 
TMS320C54x COFF Assembler PC v4.1.0 Tue Feb 23 10:56:44 2010

Tools Copyright (c) 1996-2005 Texas Instruments Incorporated
C:\Users\shining\AppData\Local\Temp\TI1962                           PAGE    3

     104                      .dwpsn  "main.c",24,2
     105 00000f F000          ADD #8933H, A   
         000010 8933 
     106                      .dwpsn  "main.c",25,2
     107 000011 7691          ST #1534H, *AR1+        
         000012 1534 
     108                      .dwpsn  "main.c",26,2
     109 000013 7691          ST #9456H, *AR1+        
         000014 9456 
     110                      .dwpsn  "main.c",27,2
     111 000015 F7B7          SSBX C16        
     112                      .dwpsn  "main.c",28,2
     113 000016 5183          DADD *AR3, A, B 
     114                      .dwpsn  "main.c",29,2
     115 000017 4F91          DST B, *AR1+    
     116                      .dwpsn  "main.c",30,2
     117 000018 F6B7          RSBX C16        
     118                      .dwpsn  "main.c",31,2
     119 000019 5193          DADD *AR3+, A, B        
     120                      .dwpsn  "main.c",32,2
     121 00001a 4F91          DST B, *AR1+    
     122                      .dwpsn  "main.c",33,2
     123 00001b 4813          LDM AR3, A      
     124                      .dwpsn  "main.c",34,2
     125 00001c 4E91          DST A, *AR1+    
     126                      .dwpsn  "main.c",36,2
     127 00001d F7B7          SSBX C16        
     128                      .dwpsn  "main.c",37,2
     129 00001e F062          LD #1234H, 16, A        
         00001f 1234 
     130                      .dwpsn  "main.c",38,2
     131 000020 F000          ADD #5678H, A   
         000021 5678 
     132                      .dwpsn  "main.c",39,2
     133 000022 7691          ST #5555H, *AR1+        
         000023 5555 
     134                      .dwpsn  "main.c",40,2
     135 000024 7691          ST #5555H, *AR1+        
         000025 5555 
     136                      .dwpsn  "main.c",41,2
     137 000026 7713          STM #1508H, AR3         
         000027 1508 
     138                      .dwpsn  "main.c",42,2
     139 000028 5883          DRSUB *AR3, A   
     140                      .dwpsn  "main.c",43,2
     141 000029 4E91          DST A, *AR1+    
     142                      .dwpsn  "main.c",44,2
     143 00002a F6B7          RSBX C16        
     144                      .dwpsn  "main.c",45,2
     145 00002b F062          LD #1234H, 16, A        
         00002c 1234 
     146                      .dwpsn  "main.c",46,2
     147 00002d F000          ADD #5678H, A   
         00002e 5678 
     148                      .dwpsn  "main.c",47,2
TMS320C54x COFF Assembler PC v4.1.0 Tue Feb 23 10:56:44 2010

Tools Copyright (c) 1996-2005 Texas Instruments Incorporated
C:\Users\shining\AppData\Local\Temp\TI1962                           PAGE    4

     149 00002f 5893          DRSUB *AR3+, A  
     150                      .dwpsn  "main.c",48,2
     151 000030 4E91          DST A, *AR1+    
     152                      .dwpsn  "main.c",49,2
     153 000031 4813          LDM AR3, A      
     154                      .dwpsn  "main.c",50,2
     155 000032 4E91          DST A, *AR1+    
     156                      .dwpsn  "main.c",52,2
     157 000033 F7B7          SSBX C16        
     158                      .dwpsn  "main.c",53,2
     159 000034 F062          LD #1234H, 16, A        
         000035 1234 
     160                      .dwpsn  "main.c",54,2
     161 000036 F000          ADD #5678H, A   
         000037 5678 
     162                      .dwpsn  "main.c",55,2
     163 000038 7691          ST #6666H, *AR1+        
         000039 6666 
     164                      .dwpsn  "main.c",56,2
     165 00003a 7691          ST #6666H, *AR1+        
         00003b 6666 
     166                      .dwpsn  "main.c",57,2
     167 00003c 7713          STM #1510H, AR3         
         00003d 1510 
     168                      .dwpsn  "main.c",58,2
     169 00003e 5483          DSUB *AR3, A    
     170                      .dwpsn  "main.c",59,2
     171 00003f 4E91          DST A, *AR1+    
     172                      .dwpsn  "main.c",60,2
     173 000040 F6B7          RSBX C16        
     174                      .dwpsn  "main.c",61,2
     175 000041 F062          LD #1234H, 16, A        
         000042 1234 
     176                      .dwpsn  "main.c",62,2
     177 000043 F000          ADD #5678H, A   
         000044 5678 
     178                      .dwpsn  "main.c",63,2
     179 000045 5493          DSUB *AR3+, A   
     180                      .dwpsn  "main.c",64,2
     181 000046 4E91          DST A, *AR1+    
     182                      .dwpsn  "main.c",65,2
     183 000047 4813          LDM AR3, A      
     184                      .dwpsn  "main.c",66,2
     185 000048 4E91          DST A, *AR1+    
     186                      .dwpsn  "main.c",68,1
     187 000049 FC00          RET
     188                      ; return occurs
     189                      .dwattr DW$6, DW_AT_end_file("main.c")
     190                      .dwattr DW$6, DW_AT_end_line(0x44)
     191                      .dwattr DW$6, DW_AT_end_column(0x01)
     192                      .dwendentry
     193                      .dwendtag DW$6
     194              
     195              ;***************************************************************
     196              ;* UNDEFINED EXTERNAL REFERENCES                               *
TMS320C54x COFF Assembler PC v4.1.0 Tue Feb 23 10:56:44 2010

Tools Copyright (c) 1996-2005 Texas Instruments Incorporated
C:\Users\shining\AppData\Local\Temp\TI1962                           PAGE    5

     197              ;***************************************************************
     198                      .global _init_dsp
     199                      .global _LED_flash
     200              
     201              ;***************************************************************
     202              ;* TYPE INFORMATION                                            *
     203              ;***************************************************************
     204              
     205              DW$T$19 .dwtag  DW_TAG_subroutine_type
     206                      .dwattr DW$T$19, DW_AT_language(DW_LANG_C)
     207              
     208                      .dwattr DW$3, DW_AT_external(0x01)
     209                      .dwattr DW$6, DW_AT_external(0x01)
     210                      .dwattr DW$CU, DW_AT_language(DW_LANG_C)
     211              
     212              ;***************************************************************
     213              ;* DWARF CIE ENTRIES                                           *
     214              ;***************************************************************
     215              
     216              DW$CIE  .dwcie 1, 34
     217                      .dwcfa  0x0c, 17, 0
     218                      .dwcfa  0x07, 0
     219                      .dwcfa  0x07, 1
     220                      .dwcfa  0x07, 2
     221                      .dwcfa  0x07, 3
     222                      .dwcfa  0x07, 4
     223                      .dwcfa  0x07, 5
     224                      .dwcfa  0x07, 6
     225                      .dwcfa  0x07, 7
     226                      .dwcfa  0x07, 8
     227                      .dwcfa  0x07, 9
     228                      .dwcfa  0x08, 10
     229                      .dwcfa  0x07, 11
     230                      .dwcfa  0x07, 12
     231                      .dwcfa  0x07, 13
     232                      .dwcfa  0x07, 14
     233                      .dwcfa  0x08, 15
     234                      .dwcfa  0x08, 16
     235                      .dwcfa  0x07, 17
     236                      .dwcfa  0x07, 18
     237                      .dwcfa  0x07, 19
     238                      .dwcfa  0x07, 20
     239                      .dwcfa  0x07, 21
     240                      .dwcfa  0x07, 22
     241                      .dwcfa  0x07, 23
     242                      .dwcfa  0x07, 24
     243                      .dwcfa  0x07, 25
     244                      .dwcfa  0x07, 26
     245                      .dwcfa  0x07, 27
     246                      .dwcfa  0x07, 28
     247                      .dwcfa  0x07, 29
     248                      .dwcfa  0x07, 30
     249                      .dwcfa  0x07, 31
     250                      .dwcfa  0x07, 32
     251                      .dwcfa  0x07, 33
TMS320C54x COFF Assembler PC v4.1.0 Tue Feb 23 10:56:44 2010

Tools Copyright (c) 1996-2005 Texas Instruments Incorporated
C:\Users\shining\AppData\Local\Temp\TI1962                           PAGE    6

     252                      .dwcfa  0x07, 34
     253              
     254              ;***************************************************************
     255              ;* DWARF REGISTER MAP                                          *
     256              ;***************************************************************
     257              
     258              DW$7    .dwtag  DW_TAG_assign_register, DW_AT_name("A")
     259                      .dwattr DW$7, DW_AT_location[DW_OP_reg0]
     260              DW$8    .dwtag  DW_TAG_assign_register, DW_AT_name("AH")
     261                      .dwattr DW$8, DW_AT_location[DW_OP_reg1]
     262              DW$9    .dwtag  DW_TAG_assign_register, DW_AT_name("AG")
     263                      .dwattr DW$9, DW_AT_location[DW_OP_reg2]
     264              DW$10   .dwtag  DW_TAG_assign_register, DW_AT_name("")
     265                      .dwattr DW$10, DW_AT_location[DW_OP_reg3]
     266              DW$11   .dwtag  DW_TAG_assign_register, DW_AT_name("")
     267                      .dwattr DW$11, DW_AT_location[DW_OP_reg4]
     268              DW$12   .dwtag  DW_TAG_assign_register, DW_AT_name("")
     269                      .dwattr DW$12, DW_AT_location[DW_OP_reg5]
     270              DW$13   .dwtag  DW_TAG_assign_register, DW_AT_name("B")
     271                      .dwattr DW$13, DW_AT_location[DW_OP_reg6]
     272              DW$14   .dwtag  DW_TAG_assign_register, DW_AT_name("BH")
     273                      .dwattr DW$14, DW_AT_location[DW_OP_reg7]
     274              DW$15   .dwtag  DW_TAG_assign_register, DW_AT_name("BG")
     275                      .dwattr DW$15, DW_AT_location[DW_OP_reg8]
     276              DW$16   .dwtag  DW_TAG_assign_register, DW_AT_name("AR0")
     277                      .dwattr DW$16, DW_AT_location[DW_OP_reg9]
     278              DW$17   .dwtag  DW_TAG_assign_register, DW_AT_name("AR1")
     279                      .dwattr DW$17, DW_AT_location[DW_OP_reg10]
     280              DW$18   .dwtag  DW_TAG_assign_register, DW_AT_name("AR2")
     281                      .dwattr DW$18, DW_AT_location[DW_OP_reg11]
     282              DW$19   .dwtag  DW_TAG_assign_register, DW_AT_name("AR3")
     283                      .dwattr DW$19, DW_AT_location[DW_OP_reg12]
     284              DW$20   .dwtag  DW_TAG_assign_register, DW_AT_name("AR4")
     285                      .dwattr DW$20, DW_AT_location[DW_OP_reg13]
     286              DW$21   .dwtag  DW_TAG_assign_register, DW_AT_name("AR5")
     287                      .dwattr DW$21, DW_AT_location[DW_OP_reg14]
     288              DW$22   .dwtag  DW_TAG_assign_register, DW_AT_name("AR6")
     289                      .dwattr DW$22, DW_AT_location[DW_OP_reg15]
     290              DW$23   .dwtag  DW_TAG_assign_register, DW_AT_name("AR7")
     291                      .dwattr DW$23, DW_AT_location[DW_OP_reg16]
     292              DW$24   .dwtag  DW_TAG_assign_register, DW_AT_name("SP")
     293                      .dwattr DW$24, DW_AT_location[DW_OP_reg17]
     294              DW$25   .dwtag  DW_TAG_assign_register, DW_AT_name("FP")
     295                      .dwattr DW$25, DW_AT_location[DW_OP_reg18]
     296              DW$26   .dwtag  DW_TAG_assign_register, DW_AT_name("BK")
     297                      .dwattr DW$26, DW_AT_location[DW_OP_reg19]
     298              DW$27   .dwtag  DW_TAG_assign_register, DW_AT_name("T")
     299                      .dwattr DW$27, DW_AT_location[DW_OP_reg20]
     300              DW$28   .dwtag  DW_TAG_assign_register, DW_AT_name("ASM")
     301                      .dwattr DW$28, DW_AT_location[DW_OP_reg21]
     302              DW$29   .dwtag  DW_TAG_assign_register, DW_AT_name("SXM")
     303                      .dwattr DW$29, DW_AT_location[DW_OP_reg22]
     304              DW$30   .dwtag  DW_TAG_assign_register, DW_AT_name("ST0")
     305                      .dwattr DW$30, DW_AT_location[DW_OP_reg23]
     306              DW$31   .dwtag  DW_TAG_assign_register, DW_AT_name("ST1")
TMS320C54x COFF Assembler PC v4.1.0 Tue Feb 23 10:56:44 2010

Tools Copyright (c) 1996-2005 Texas Instruments Incorporated
C:\Users\shining\AppData\Local\Temp\TI1962                           PAGE    7

     307                      .dwattr DW$31, DW_AT_location[DW_OP_reg24]
     308              DW$32   .dwtag  DW_TAG_assign_register, DW_AT_name("BRC")
     309                      .dwattr DW$32, DW_AT_location[DW_OP_reg25]
     310              DW$33   .dwtag  DW_TAG_assign_register, DW_AT_name("TC")
     311                      .dwattr DW$33, DW_AT_location[DW_OP_reg26]
     312              DW$34   .dwtag  DW_TAG_assign_register, DW_AT_name("PC")
     313                      .dwattr DW$34, DW_AT_location[DW_OP_reg27]
     314              DW$35   .dwtag  DW_TAG_assign_register, DW_AT_name("DB")
     315                      .dwattr DW$35, DW_AT_location[DW_OP_reg28]
     316              DW$36   .dwtag  DW_TAG_assign_register, DW_AT_name("PMST")
     317                      .dwattr DW$36, DW_AT_location[DW_OP_reg29]
     318              DW$37   .dwtag  DW_TAG_assign_register, DW_AT_name("RSA")
     319                      .dwattr DW$37, DW_AT_location[DW_OP_reg30]
     320              DW$38   .dwtag  DW_TAG_assign_register, DW_AT_name("REA")
     321                      .dwattr DW$38, DW_AT_location[DW_OP_reg31]
     322              DW$39   .dwtag  DW_TAG_assign_register, DW_AT_name("OVM")
     323                      .dwattr DW$39, DW_AT_location[DW_OP_regx 0x20]
     324              DW$40   .dwtag  DW_TAG_assign_register, DW_AT_name("FRCT")
     325                      .dwattr DW$40, DW_AT_location[DW_OP_regx 0x21]
     326              DW$41   .dwtag  DW_TAG_assign_register, DW_AT_name("CIE_RETA")
     327                      .dwattr DW$41, DW_AT_location[DW_OP_regx 0x22]
     328                      .dwendtag DW$CU
     329              

No Assembly Errors, No Assembly Warnings
