TMS320C54x COFF Assembler PC v4.1.0 Mon Feb 08 12:12:35 2010

Tools Copyright (c) 1996-2005 Texas Instruments Incorporated
C:\Users\shining\AppData\Local\Temp\TI3202                           PAGE    1

       1              ;***************************************************************
       2              ;* TMS320C54x C/C++ Codegen                          PC v4.1.0 *
       3              ;* Date/Time created: Mon Feb 08 12:12:35 2010                 *
       4              ;***************************************************************
       5                      .compiler_opts --mem_model:code=near --mem_model:data=flat --quiet 
       6                      .mmregs
       7        0017  FP      .set    AR7
       8                      .c_mode
       9              
      10              DW$CU   .dwtag  DW_TAG_compile_unit
      11                      .dwattr DW$CU, DW_AT_name("main.c")
      12                      .dwattr DW$CU, DW_AT_producer("TMS320C54x C/C++ Codegen PC v4.1.0 Copyright (c) 1996-2005 Texas Instr
      13                      .dwattr DW$CU, DW_AT_stmt_list(0x00)
      14                      .dwattr DW$CU, DW_AT_TI_VERSION(0x01)
      15              
      16              DW$1    .dwtag  DW_TAG_subprogram, DW_AT_name("init_dsp"), DW_AT_symbol_name("_init_dsp")
      17                      .dwattr DW$1, DW_AT_declaration(0x01)
      18                      .dwattr DW$1, DW_AT_external(0x01)
      19              
      20              DW$2    .dwtag  DW_TAG_subprogram, DW_AT_name("LED_flash"), DW_AT_symbol_name("_LED_flash")
      21                      .dwattr DW$2, DW_AT_declaration(0x01)
      22                      .dwattr DW$2, DW_AT_external(0x01)
      23              ;       C:\CCStudio_v3.3\C5400\cgtools\bin\acp500.exe --keep_unneeded_types -q -D_DEBUG -IC:/CCStudio_v3.3/C5
      24 000000               .sect   ".text"
      25                      .global _main
      26              
      27              DW$3    .dwtag  DW_TAG_subprogram, DW_AT_name("main"), DW_AT_symbol_name("_main")
      28                      .dwattr DW$3, DW_AT_low_pc(_main)
      29                      .dwattr DW$3, DW_AT_high_pc(0x00)
      30                      .dwattr DW$3, DW_AT_begin_file("main.c")
      31                      .dwattr DW$3, DW_AT_begin_line(0x06)
      32                      .dwattr DW$3, DW_AT_begin_column(0x06)
      33                      .dwpsn  "main.c",7,1
      34              
      35                      .dwfde DW$CIE
      36              
      37              ;***************************************************************
      38              ;* FUNCTION DEF: _main                                         *
      39              ;***************************************************************
      40 000000       _main:
      41                      .dwcfa  0x0e, 1
      42                      .dwcfa  0x80, 34, 1
      43 000000 EEFF          FRAME     #-1
      44                      .dwcfa  0x0e, 2
      45                      .dwpsn  "main.c",8,2
      46 000001 F074          CALL      #_init_dsp            ; |8| 
         000002 0000!
      47                      ; call occurs [#_init_dsp] ; |8| 
      48                      .dwpsn  "main.c",10,2
      49 000003 F074          CALL      #_zhiling             ; |10| 
         000004 0009'
      50                      ; call occurs [#_zhiling] ; |10| 
      51                      .dwpsn  "main.c",12,8
      52 000005       L1:    
      53 000005       DW$L$_main$2$B:
TMS320C54x COFF Assembler PC v4.1.0 Mon Feb 08 12:12:35 2010

Tools Copyright (c) 1996-2005 Texas Instruments Incorporated
C:\Users\shining\AppData\Local\Temp\TI3202                           PAGE    2

      54                      .dwpsn  "main.c",14,3
      55 000005 F074          CALL      #_LED_flash           ; |14| 
         000006 0000!
      56                      ; call occurs [#_LED_flash] ; |14| 
      57                      .dwpsn  "main.c",12,8
      58 000007 F073          B         L1                    ; |12| 
         000008 0005'
      59                      ; branch occurs ; |12| 
      60 000009       DW$L$_main$2$E:
      61                      .dwcfa  0x0e, 1
      62              
      63              DW$4    .dwtag  DW_TAG_loop
      64                      .dwattr DW$4, DW_AT_name("C:\Users\shining\AppData\Local\Temp\TI3202:L1:1:1265602355")
      65                      .dwattr DW$4, DW_AT_begin_file("main.c")
      66                      .dwattr DW$4, DW_AT_begin_line(0x0c)
      67                      .dwattr DW$4, DW_AT_end_line(0x0f)
      68              DW$5    .dwtag  DW_TAG_loop_range
      69                      .dwattr DW$5, DW_AT_low_pc(DW$L$_main$2$B)
      70                      .dwattr DW$5, DW_AT_high_pc(DW$L$_main$2$E)
      71                      .dwendtag DW$4
      72              
      73                      .dwattr DW$3, DW_AT_end_file("main.c")
      74                      .dwattr DW$3, DW_AT_end_line(0x10)
      75                      .dwattr DW$3, DW_AT_end_column(0x01)
      76                      .dwendentry
      77                      .dwendtag DW$3
      78              
      79 000009               .sect   ".text"
      80                      .global _zhiling
      81              
      82              DW$6    .dwtag  DW_TAG_subprogram, DW_AT_name("zhiling"), DW_AT_symbol_name("_zhiling")
      83                      .dwattr DW$6, DW_AT_low_pc(_zhiling)
      84                      .dwattr DW$6, DW_AT_high_pc(0x00)
      85                      .dwattr DW$6, DW_AT_begin_file("main.c")
      86                      .dwattr DW$6, DW_AT_begin_line(0x12)
      87                      .dwattr DW$6, DW_AT_begin_column(0x06)
      88                      .dwpsn  "main.c",19,1
      89              
      90                      .dwfde DW$CIE
      91              
      92              ;***************************************************************
      93              ;* FUNCTION DEF: _zhiling                                      *
      94              ;***************************************************************
      95 000009       _zhiling:
      96                      .dwcfa  0x0e, 1
      97                      .dwcfa  0x80, 34, 1
      98                      .dwpsn  "main.c",21,2
      99 000009 7710          STM #5h, AR0    
         00000a 0005 
     100                      .dwpsn  "main.c",22,2
     101 00000b 7711          STM #1500h, AR1 
         00000c 1500 
     102                      .dwpsn  "main.c",23,2
     103 00000d 7712          STM #1500h, AR2 
         00000e 1500 
TMS320C54x COFF Assembler PC v4.1.0 Mon Feb 08 12:12:35 2010

Tools Copyright (c) 1996-2005 Texas Instruments Incorporated
C:\Users\shining\AppData\Local\Temp\TI3202                           PAGE    3

     104                      .dwpsn  "main.c",25,2
     105 00000f 7713          STM #157Ah, AR3 
         000010 157A 
     106                      .dwpsn  "main.c",26,2
     107 000011 4883          LDM *AR3, A     
     108                      .dwpsn  "main.c",27,2
     109 000012 4E92          DST A, *AR2+    
     110                      .dwpsn  "main.c",29,2
     111 000013 4813          LDM AR3, A      
     112                      .dwpsn  "main.c",30,2
     113 000014 4E92          DST A, *AR2+    
     114                      .dwpsn  "main.c",32,2
     115 000015 487A          LDM 007Ah, A    
     116                      .dwpsn  "main.c",33,2
     117 000016 4E92          DST A, *AR2+    
     118                      .dwpsn  "main.c",35,2
     119 000017 76B1          ST #8888h, *AR1+0       
         000018 8888 
     120                      .dwpsn  "main.c",36,2
     121 000019 1081          LD *AR1, A      
     122                      .dwpsn  "main.c",37,2
     123 00001a 4E92          DST A, *AR2+    
     124                      .dwpsn  "main.c",38,2
     125 00001b 4811          LDM AR1, A      
     126                      .dwpsn  "main.c",39,2
     127 00001c 4E92          DST A, *AR2+    
     128                      .dwpsn  "main.c",41,1
     129 00001d FC00          RET
     130                      ; return occurs
     131                      .dwattr DW$6, DW_AT_end_file("main.c")
     132                      .dwattr DW$6, DW_AT_end_line(0x29)
     133                      .dwattr DW$6, DW_AT_end_column(0x01)
     134                      .dwendentry
     135                      .dwendtag DW$6
     136              
     137              ;***************************************************************
     138              ;* UNDEFINED EXTERNAL REFERENCES                               *
     139              ;***************************************************************
     140                      .global _init_dsp
     141                      .global _LED_flash
     142              
     143              ;***************************************************************
     144              ;* TYPE INFORMATION                                            *
     145              ;***************************************************************
     146              
     147              DW$T$19 .dwtag  DW_TAG_subroutine_type
     148                      .dwattr DW$T$19, DW_AT_language(DW_LANG_C)
     149              
     150                      .dwattr DW$3, DW_AT_external(0x01)
     151                      .dwattr DW$6, DW_AT_external(0x01)
     152                      .dwattr DW$CU, DW_AT_language(DW_LANG_C)
     153              
     154              ;***************************************************************
     155              ;* DWARF CIE ENTRIES                                           *
     156              ;***************************************************************
TMS320C54x COFF Assembler PC v4.1.0 Mon Feb 08 12:12:35 2010

Tools Copyright (c) 1996-2005 Texas Instruments Incorporated
C:\Users\shining\AppData\Local\Temp\TI3202                           PAGE    4

     157              
     158              DW$CIE  .dwcie 1, 34
     159                      .dwcfa  0x0c, 17, 0
     160                      .dwcfa  0x07, 0
     161                      .dwcfa  0x07, 1
     162                      .dwcfa  0x07, 2
     163                      .dwcfa  0x07, 3
     164                      .dwcfa  0x07, 4
     165                      .dwcfa  0x07, 5
     166                      .dwcfa  0x07, 6
     167                      .dwcfa  0x07, 7
     168                      .dwcfa  0x07, 8
     169                      .dwcfa  0x07, 9
     170                      .dwcfa  0x08, 10
     171                      .dwcfa  0x07, 11
     172                      .dwcfa  0x07, 12
     173                      .dwcfa  0x07, 13
     174                      .dwcfa  0x07, 14
     175                      .dwcfa  0x08, 15
     176                      .dwcfa  0x08, 16
     177                      .dwcfa  0x07, 17
     178                      .dwcfa  0x07, 18
     179                      .dwcfa  0x07, 19
     180                      .dwcfa  0x07, 20
     181                      .dwcfa  0x07, 21
     182                      .dwcfa  0x07, 22
     183                      .dwcfa  0x07, 23
     184                      .dwcfa  0x07, 24
     185                      .dwcfa  0x07, 25
     186                      .dwcfa  0x07, 26
     187                      .dwcfa  0x07, 27
     188                      .dwcfa  0x07, 28
     189                      .dwcfa  0x07, 29
     190                      .dwcfa  0x07, 30
     191                      .dwcfa  0x07, 31
     192                      .dwcfa  0x07, 32
     193                      .dwcfa  0x07, 33
     194                      .dwcfa  0x07, 34
     195              
     196              ;***************************************************************
     197              ;* DWARF REGISTER MAP                                          *
     198              ;***************************************************************
     199              
     200              DW$7    .dwtag  DW_TAG_assign_register, DW_AT_name("A")
     201                      .dwattr DW$7, DW_AT_location[DW_OP_reg0]
     202              DW$8    .dwtag  DW_TAG_assign_register, DW_AT_name("AH")
     203                      .dwattr DW$8, DW_AT_location[DW_OP_reg1]
     204              DW$9    .dwtag  DW_TAG_assign_register, DW_AT_name("AG")
     205                      .dwattr DW$9, DW_AT_location[DW_OP_reg2]
     206              DW$10   .dwtag  DW_TAG_assign_register, DW_AT_name("")
     207                      .dwattr DW$10, DW_AT_location[DW_OP_reg3]
     208              DW$11   .dwtag  DW_TAG_assign_register, DW_AT_name("")
     209                      .dwattr DW$11, DW_AT_location[DW_OP_reg4]
     210              DW$12   .dwtag  DW_TAG_assign_register, DW_AT_name("")
     211                      .dwattr DW$12, DW_AT_location[DW_OP_reg5]
TMS320C54x COFF Assembler PC v4.1.0 Mon Feb 08 12:12:35 2010

Tools Copyright (c) 1996-2005 Texas Instruments Incorporated
C:\Users\shining\AppData\Local\Temp\TI3202                           PAGE    5

     212              DW$13   .dwtag  DW_TAG_assign_register, DW_AT_name("B")
     213                      .dwattr DW$13, DW_AT_location[DW_OP_reg6]
     214              DW$14   .dwtag  DW_TAG_assign_register, DW_AT_name("BH")
     215                      .dwattr DW$14, DW_AT_location[DW_OP_reg7]
     216              DW$15   .dwtag  DW_TAG_assign_register, DW_AT_name("BG")
     217                      .dwattr DW$15, DW_AT_location[DW_OP_reg8]
     218              DW$16   .dwtag  DW_TAG_assign_register, DW_AT_name("AR0")
     219                      .dwattr DW$16, DW_AT_location[DW_OP_reg9]
     220              DW$17   .dwtag  DW_TAG_assign_register, DW_AT_name("AR1")
     221                      .dwattr DW$17, DW_AT_location[DW_OP_reg10]
     222              DW$18   .dwtag  DW_TAG_assign_register, DW_AT_name("AR2")
     223                      .dwattr DW$18, DW_AT_location[DW_OP_reg11]
     224              DW$19   .dwtag  DW_TAG_assign_register, DW_AT_name("AR3")
     225                      .dwattr DW$19, DW_AT_location[DW_OP_reg12]
     226              DW$20   .dwtag  DW_TAG_assign_register, DW_AT_name("AR4")
     227                      .dwattr DW$20, DW_AT_location[DW_OP_reg13]
     228              DW$21   .dwtag  DW_TAG_assign_register, DW_AT_name("AR5")
     229                      .dwattr DW$21, DW_AT_location[DW_OP_reg14]
     230              DW$22   .dwtag  DW_TAG_assign_register, DW_AT_name("AR6")
     231                      .dwattr DW$22, DW_AT_location[DW_OP_reg15]
     232              DW$23   .dwtag  DW_TAG_assign_register, DW_AT_name("AR7")
     233                      .dwattr DW$23, DW_AT_location[DW_OP_reg16]
     234              DW$24   .dwtag  DW_TAG_assign_register, DW_AT_name("SP")
     235                      .dwattr DW$24, DW_AT_location[DW_OP_reg17]
     236              DW$25   .dwtag  DW_TAG_assign_register, DW_AT_name("FP")
     237                      .dwattr DW$25, DW_AT_location[DW_OP_reg18]
     238              DW$26   .dwtag  DW_TAG_assign_register, DW_AT_name("BK")
     239                      .dwattr DW$26, DW_AT_location[DW_OP_reg19]
     240              DW$27   .dwtag  DW_TAG_assign_register, DW_AT_name("T")
     241                      .dwattr DW$27, DW_AT_location[DW_OP_reg20]
     242              DW$28   .dwtag  DW_TAG_assign_register, DW_AT_name("ASM")
     243                      .dwattr DW$28, DW_AT_location[DW_OP_reg21]
     244              DW$29   .dwtag  DW_TAG_assign_register, DW_AT_name("SXM")
     245                      .dwattr DW$29, DW_AT_location[DW_OP_reg22]
     246              DW$30   .dwtag  DW_TAG_assign_register, DW_AT_name("ST0")
     247                      .dwattr DW$30, DW_AT_location[DW_OP_reg23]
     248              DW$31   .dwtag  DW_TAG_assign_register, DW_AT_name("ST1")
     249                      .dwattr DW$31, DW_AT_location[DW_OP_reg24]
     250              DW$32   .dwtag  DW_TAG_assign_register, DW_AT_name("BRC")
     251                      .dwattr DW$32, DW_AT_location[DW_OP_reg25]
     252              DW$33   .dwtag  DW_TAG_assign_register, DW_AT_name("TC")
     253                      .dwattr DW$33, DW_AT_location[DW_OP_reg26]
     254              DW$34   .dwtag  DW_TAG_assign_register, DW_AT_name("PC")
     255                      .dwattr DW$34, DW_AT_location[DW_OP_reg27]
     256              DW$35   .dwtag  DW_TAG_assign_register, DW_AT_name("DB")
     257                      .dwattr DW$35, DW_AT_location[DW_OP_reg28]
     258              DW$36   .dwtag  DW_TAG_assign_register, DW_AT_name("PMST")
     259                      .dwattr DW$36, DW_AT_location[DW_OP_reg29]
     260              DW$37   .dwtag  DW_TAG_assign_register, DW_AT_name("RSA")
     261                      .dwattr DW$37, DW_AT_location[DW_OP_reg30]
     262              DW$38   .dwtag  DW_TAG_assign_register, DW_AT_name("REA")
     263                      .dwattr DW$38, DW_AT_location[DW_OP_reg31]
     264              DW$39   .dwtag  DW_TAG_assign_register, DW_AT_name("OVM")
     265                      .dwattr DW$39, DW_AT_location[DW_OP_regx 0x20]
     266              DW$40   .dwtag  DW_TAG_assign_register, DW_AT_name("FRCT")
TMS320C54x COFF Assembler PC v4.1.0 Mon Feb 08 12:12:35 2010

Tools Copyright (c) 1996-2005 Texas Instruments Incorporated
C:\Users\shining\AppData\Local\Temp\TI3202                           PAGE    6

     267                      .dwattr DW$40, DW_AT_location[DW_OP_regx 0x21]
     268              DW$41   .dwtag  DW_TAG_assign_register, DW_AT_name("CIE_RETA")
     269                      .dwattr DW$41, DW_AT_location[DW_OP_regx 0x22]
     270                      .dwendtag DW$CU
     271              

No Assembly Errors, No Assembly Warnings
